<?xml version="1.0" encoding="UTF-8"?>
<testng-results ignored="0" total="1" passed="1" failed="0" skipped="0">
  <reporter-output>
  </reporter-output>
  <suite started-at="2025-07-06T15:19:45 IST" name="Default suite" finished-at="2025-07-06T15:20:04 IST" duration-ms="19122">
    <groups>
    </groups>
    <test started-at="2025-07-06T15:19:45 IST" name="Default test" finished-at="2025-07-06T15:20:04 IST" duration-ms="19122">
      <class name="org.kunalchavan.iosTest.IOSAlert">
        <test-method is-config="true" signature="setup()[pri:0, instance:org.kunalchavan.iosTest.IOSAlert@609e8838]" started-at="2025-07-06T15:19:45 IST" name="setup" finished-at="2025-07-06T15:19:51 IST" duration-ms="6465" status="PASS">
          <reporter-output>
          </reporter-output>
        </test-method> <!-- setup -->
        <test-method signature="iOSBasic()[pri:0, instance:org.kunalchavan.iosTest.IOSAlert@609e8838]" started-at="2025-07-06T15:19:51 IST" name="iOSBasic" finished-at="2025-07-06T15:19:57 IST" duration-ms="6014" status="PASS">
          <reporter-output>
          </reporter-output>
        </test-method> <!-- iOSBasic -->
        <test-method is-config="true" signature="tearDown()[pri:0, instance:org.kunalchavan.iosTest.IOSAlert@609e8838]" started-at="2025-07-06T15:19:57 IST" name="tearDown" finished-at="2025-07-06T15:20:04 IST" duration-ms="6618" status="PASS">
          <reporter-output>
          </reporter-output>
        </test-method> <!-- tearDown -->
      </class> <!-- org.kunalchavan.iosTest.IOSAlert -->
    </test> <!-- Default test -->
  </suite> <!-- Default suite -->
</testng-results>
