<?xml version="1.0" encoding="UTF-8"?>
<testng-results ignored="0" total="2" passed="2" failed="0" skipped="0">
  <reporter-output>
  </reporter-output>
  <suite started-at="2025-07-06T12:29:44 IST" name="Default suite" finished-at="2025-07-06T12:30:14 IST" duration-ms="30075">
    <groups>
    </groups>
    <test started-at="2025-07-06T12:29:44 IST" name="Default test" finished-at="2025-07-06T12:30:14 IST" duration-ms="30075">
      <class name="org.kunalchavan.androidTest.TotalPriceTestCase">
        <test-method is-config="true" signature="setup()[pri:0, instance:org.kunalchavan.androidTest.TotalPriceTestCase@43df23d3]" started-at="2025-07-06T12:29:44 IST" name="setup" finished-at="2025-07-06T12:29:50 IST" duration-ms="6454" status="PASS">
          <reporter-output>
          </reporter-output>
        </test-method> <!-- setup -->
        <test-method is-config="true" signature="preSetup()[pri:0, instance:org.kunalchavan.androidTest.TotalPriceTestCase@43df23d3]" started-at="2025-07-06T12:29:50 IST" name="preSetup" finished-at="2025-07-06T12:29:50 IST" duration-ms="41" status="PASS">
          <reporter-output>
          </reporter-output>
        </test-method> <!-- preSetup -->
        <test-method signature="toastMessage()[pri:0, instance:org.kunalchavan.androidTest.TotalPriceTestCase@43df23d3]" started-at="2025-07-06T12:29:50 IST" name="toastMessage" finished-at="2025-07-06T12:29:57 IST" duration-ms="7292" status="PASS">
          <reporter-output>
          </reporter-output>
        </test-method> <!-- toastMessage -->
        <test-method is-config="true" signature="preSetup()[pri:0, instance:org.kunalchavan.androidTest.TotalPriceTestCase@43df23d3]" started-at="2025-07-06T12:29:57 IST" name="preSetup" finished-at="2025-07-06T12:29:57 IST" duration-ms="39" status="PASS">
          <reporter-output>
          </reporter-output>
        </test-method> <!-- preSetup -->
        <test-method signature="totalPrice()[pri:0, instance:org.kunalchavan.androidTest.TotalPriceTestCase@43df23d3]" started-at="2025-07-06T12:29:57 IST" name="totalPrice" finished-at="2025-07-06T12:30:08 IST" duration-ms="10883" status="PASS">
          <reporter-output>
          </reporter-output>
        </test-method> <!-- totalPrice -->
        <test-method is-config="true" signature="tearDown()[pri:0, instance:org.kunalchavan.androidTest.TotalPriceTestCase@43df23d3]" started-at="2025-07-06T12:30:08 IST" name="tearDown" finished-at="2025-07-06T12:30:14 IST" duration-ms="5345" status="PASS">
          <reporter-output>
          </reporter-output>
        </test-method> <!-- tearDown -->
      </class> <!-- org.kunalchavan.androidTest.TotalPriceTestCase -->
    </test> <!-- Default test -->
  </suite> <!-- Default suite -->
</testng-results>
