<?xml version="1.0" encoding="UTF-8"?>
<!-- Generated by org.testng.reporters.JUnitXMLReporter -->
<testsuite ignored="0" hostname="Kunals-MacBook-Pro.local" failures="0" tests="3" name="Default test" time="69.093" errors="0" timestamp="2025-07-06T14:48:25 IST">
  <testcase classname="org.kunalchavan.androidTest.TotalPriceTestCase" name="toastMessage" time="7.142"/>
  <testcase classname="org.kunalchavan.androidTest.TotalPriceTestCase" name="toastMessage" time="20.352"/>
  <testcase classname="org.kunalchavan.androidTest.TotalPriceTestCase" name="totalPrice" time="27.12"/>
</testsuite> <!-- Default test -->
