<?xml version="1.0" encoding="UTF-8"?>
<!-- Generated by org.testng.reporters.JUnitXMLReporter -->
<testsuite ignored="0" hostname="Kunals-MacBook-Pro.local" failures="0" tests="2" name="Default test" time="30.075" errors="0" timestamp="2025-07-06T12:30:14 IST">
  <testcase classname="org.kunalchavan.androidTest.TotalPriceTestCase" name="toastMessage" time="7.292"/>
  <testcase classname="org.kunalchavan.androidTest.TotalPriceTestCase" name="totalPrice" time="10.883"/>
</testsuite> <!-- Default test -->
