<?xml version="1.0" encoding="UTF-8"?>
<!-- Generated by org.testng.reporters.JUnitXMLReporter -->
<testsuite ignored="0" hostname="Kunals-MacBook-Pro.local" failures="2" tests="3" name="Android Test" time="65.077" errors="0" timestamp="2025-07-06T18:45:04 IST">
  <testcase classname="org.kunalchavan.androidTest.TotalPriceTestCase" name="toastMessage" time="7.146">
    <failure type="java.lang.AssertionError" message="expected [Please enter your nameL] but found [Please enter your name]">
      <![CDATA[java.lang.AssertionError: expected [Please enter your nameL] but found [Please enter your name]
at org.kunalchavan.androidTest.TotalPriceTestCase.toastMessage(TotalPriceTestCase.java:51)
at java.base/java.util.ArrayList.forEach(ArrayList.java:1541)
... Removed 33 stack frames]]>
    </failure>
  </testcase> <!-- toastMessage -->
  <testcase classname="org.kunalchavan.androidTest.TotalPriceTestCase" name="toastMessage" time="10.64">
    <failure type="java.lang.AssertionError" message="expected [Please enter your nameL] but found [Please enter your name]">
      <![CDATA[java.lang.AssertionError: expected [Please enter your nameL] but found [Please enter your name]
at org.kunalchavan.androidTest.TotalPriceTestCase.toastMessage(TotalPriceTestCase.java:51)
at java.base/java.util.ArrayList.forEach(ArrayList.java:1541)
... Removed 33 stack frames]]>
    </failure>
  </testcase> <!-- toastMessage -->
  <testcase classname="org.kunalchavan.androidTest.TotalPriceTestCase" name="totalPrice" time="33.138"/>
</testsuite> <!-- Android Test -->
